<?xml version="1.0" encoding="UTF-8"?>
<testsuite xmlns:xsi="http://www.w3.org/2001/XMLSchema-instance" xsi:noNamespaceSchemaLocation="https://maven.apache.org/surefire/maven-surefire-plugin/xsd/surefire-test-report-3.0.xsd" version="3.0" name="com.neoteric.dockerlearning.DockerlearningApplicationTests" time="2.424" tests="1" errors="0" skipped="0" failures="0">
  <properties>
[...]
</properties>
  <testcase name="contextLoads" classname="com.neoteric.dockerlearning.DockerlearningApplicationTests" time="0.802">
    <system-out><![CDATA[19:25:58.361 [main] INFO org.springframework.test.context.support.AnnotationConfigContextLoaderUtils -- Could not detect default configuration classes for test class [com.neoteric.dockerlearning.DockerlearningApplicationTests]: DockerlearningApplicationTests does not declare any static, non-private, non-final, nested classes annotated with @Configuration.
19:25:58.465 [main] INFO org.springframework.boot.test.context.SpringBootTestContextBootstrapper -- Found @SpringBootConfiguration com.neoteric.dockerlearning.DockerlearningApplication for test class com.neoteric.dockerlearning.DockerlearningApplicationTests

  .   ____          _            __ _ _
 /\\ / ___'_ __ _ _(_)_ __  __ _ \ \ \ \
( ( )\___ | '_ | '_| | '_ \/ _` | \ \ \ \
 \\/  ___)| |_)| | | | | || (_| |  ) ) ) )
  '  |____| .__|_| |_|_| |_\__, | / / / /
 =========|_|==============|___/=/_/_/_/

 :: Spring Boot ::                (v3.3.4)

2024-10-23T19:25:58.833+05:30  INFO 23104 --- [dockerlearning] [           main] c.n.d.DockerlearningApplicationTests     : Starting DockerlearningApplicationTests using Java 17.0.12 with PID 23104 (started by reddytharun in C:\Users\reddytharun\IdeaProjects\springbootpipeline)
2024-10-23T19:25:58.835+05:30  INFO 23104 --- [dockerlearning] [           main] c.n.d.DockerlearningApplicationTests     : No active profile set, falling back to 1 default profile: "default"
2024-10-23T19:25:59.802+05:30  INFO 23104 --- [dockerlearning] [           main] c.n.d.DockerlearningApplicationTests     : Started DockerlearningApplicationTests in 1.197 seconds (process running for 2.072)
]]></system-out>
  </testcase>
</testsuite>